2019-10-10 20:12:52.244  INFO 1482 --- [main] r.a.PhonebookSpringApplicationTests      : Starting PhonebookSpringApplicationTests on MaxBook.local with PID 1482 (started by max in /Users/max/Downloads/AnnaUsova-phonebookspringwithlogs-407174679155)
2019-10-10 20:12:52.245 DEBUG 1482 --- [main] r.a.PhonebookSpringApplicationTests      : Running with Spring Boot v1.5.3.RELEASE, Spring v4.3.8.RELEASE
2019-10-10 20:12:52.248  INFO 1482 --- [main] r.a.PhonebookSpringApplicationTests      : No active profile set, falling back to default profiles: default
2019-10-10 20:12:52.353  INFO 1482 --- [main] o.s.w.c.s.GenericWebApplicationContext   : Refreshing org.springframework.web.context.support.GenericWebApplicationContext@14d14731: startup date [Thu Oct 10 20:12:52 NOVT 2019]; root of context hierarchy
2019-10-10 20:12:54.888  INFO 1482 --- [main] s.w.s.m.m.a.RequestMappingHandlerAdapter : Looking for @ControllerAdvice: org.springframework.web.context.support.GenericWebApplicationContext@14d14731: startup date [Thu Oct 10 20:12:52 NOVT 2019]; root of context hierarchy
2019-10-10 20:12:55.011  INFO 1482 --- [main] s.w.s.m.m.a.RequestMappingHandlerMapping : Mapped "{[/hello/api/v1/hello],methods=[GET]}" onto public java.lang.String ru.academits.hello.HelloWorldController.sayHello(java.lang.String)
2019-10-10 20:12:55.013  INFO 1482 --- [main] s.w.s.m.m.a.RequestMappingHandlerMapping : Mapped "{[/phoneBook/rpc/api/v1/getAllContacts],methods=[GET]}" onto public java.util.List<ru.academits.model.Contact> ru.academits.phonebook.PhoneBookController.getAllContacts()
2019-10-10 20:12:55.014  INFO 1482 --- [main] s.w.s.m.m.a.RequestMappingHandlerMapping : Mapped "{[/phoneBook/rpc/api/v1/addContact],methods=[POST]}" onto public ru.academits.model.ContactValidation ru.academits.phonebook.PhoneBookController.addContact(ru.academits.model.Contact)
2019-10-10 20:12:55.018  INFO 1482 --- [main] s.w.s.m.m.a.RequestMappingHandlerMapping : Mapped "{[/error]}" onto public org.springframework.http.ResponseEntity<java.util.Map<java.lang.String, java.lang.Object>> org.springframework.boot.autoconfigure.web.BasicErrorController.error(javax.servlet.http.HttpServletRequest)
2019-10-10 20:12:55.019  INFO 1482 --- [main] s.w.s.m.m.a.RequestMappingHandlerMapping : Mapped "{[/error],produces=[text/html]}" onto public org.springframework.web.servlet.ModelAndView org.springframework.boot.autoconfigure.web.BasicErrorController.errorHtml(javax.servlet.http.HttpServletRequest,javax.servlet.http.HttpServletResponse)
2019-10-10 20:12:55.061  INFO 1482 --- [main] o.s.w.s.handler.SimpleUrlHandlerMapping  : Mapped URL path [/webjars/**] onto handler of type [class org.springframework.web.servlet.resource.ResourceHttpRequestHandler]
2019-10-10 20:12:55.061  INFO 1482 --- [main] o.s.w.s.handler.SimpleUrlHandlerMapping  : Mapped URL path [/**] onto handler of type [class org.springframework.web.servlet.resource.ResourceHttpRequestHandler]
2019-10-10 20:12:55.086  INFO 1482 --- [main] .m.m.a.ExceptionHandlerExceptionResolver : Detected @ExceptionHandler methods in errorController
2019-10-10 20:12:55.122  INFO 1482 --- [main] o.s.w.s.handler.SimpleUrlHandlerMapping  : Mapped URL path [/**/favicon.ico] onto handler of type [class org.springframework.web.servlet.resource.ResourceHttpRequestHandler]
2019-10-10 20:12:55.858  INFO 1482 --- [main] r.a.PhonebookSpringApplicationTests      : Started PhonebookSpringApplicationTests in 4.367 seconds (JVM running for 5.478)
2019-10-10 20:12:55.959  INFO 1482 --- [Thread-1] o.s.w.c.s.GenericWebApplicationContext   : Closing org.springframework.web.context.support.GenericWebApplicationContext@14d14731: startup date [Thu Oct 10 20:12:52 NOVT 2019]; root of context hierarchy
2019-10-10 20:14:30.011  INFO 1501 --- [main] ru.academits.PhonebookSpringApplication  : Starting PhonebookSpringApplication on MaxBook.local with PID 1501 (/Users/max/Downloads/AnnaUsova-phonebookspringwithlogs-407174679155/target/classes started by max in /Users/max/Downloads/AnnaUsova-phonebookspringwithlogs-407174679155)
2019-10-10 20:14:30.014 DEBUG 1501 --- [main] ru.academits.PhonebookSpringApplication  : Running with Spring Boot v1.5.3.RELEASE, Spring v4.3.8.RELEASE
2019-10-10 20:14:30.015  INFO 1501 --- [main] ru.academits.PhonebookSpringApplication  : No active profile set, falling back to default profiles: default
2019-10-10 20:14:31.888  INFO 1501 --- [localhost-startStop-1] o.s.web.context.ContextLoader            : Root WebApplicationContext: initialization completed in 1827 ms
2019-10-10 20:14:32.342  INFO 1501 --- [main] s.w.s.m.m.a.RequestMappingHandlerAdapter : Looking for @ControllerAdvice: org.springframework.boot.context.embedded.AnnotationConfigEmbeddedWebApplicationContext@71e9ebae: startup date [Thu Oct 10 20:14:30 NOVT 2019]; root of context hierarchy
2019-10-10 20:14:32.380  INFO 1501 --- [main] s.w.s.m.m.a.RequestMappingHandlerMapping : Mapped "{[/hello/api/v1/hello],methods=[GET]}" onto public java.lang.String ru.academits.hello.HelloWorldController.sayHello(java.lang.String)
2019-10-10 20:14:32.381  INFO 1501 --- [main] s.w.s.m.m.a.RequestMappingHandlerMapping : Mapped "{[/phoneBook/rpc/api/v1/getAllContacts],methods=[GET]}" onto public java.util.List<ru.academits.model.Contact> ru.academits.phonebook.PhoneBookController.getAllContacts()
2019-10-10 20:14:32.382  INFO 1501 --- [main] s.w.s.m.m.a.RequestMappingHandlerMapping : Mapped "{[/phoneBook/rpc/api/v1/addContact],methods=[POST]}" onto public ru.academits.model.ContactValidation ru.academits.phonebook.PhoneBookController.addContact(ru.academits.model.Contact)
2019-10-10 20:14:32.385  INFO 1501 --- [main] s.w.s.m.m.a.RequestMappingHandlerMapping : Mapped "{[/error]}" onto public org.springframework.http.ResponseEntity<java.util.Map<java.lang.String, java.lang.Object>> org.springframework.boot.autoconfigure.web.BasicErrorController.error(javax.servlet.http.HttpServletRequest)
2019-10-10 20:14:32.385  INFO 1501 --- [main] s.w.s.m.m.a.RequestMappingHandlerMapping : Mapped "{[/error],produces=[text/html]}" onto public org.springframework.web.servlet.ModelAndView org.springframework.boot.autoconfigure.web.BasicErrorController.errorHtml(javax.servlet.http.HttpServletRequest,javax.servlet.http.HttpServletResponse)
2019-10-10 20:14:32.407  INFO 1501 --- [main] o.s.w.s.handler.SimpleUrlHandlerMapping  : Mapped URL path [/webjars/**] onto handler of type [class org.springframework.web.servlet.resource.ResourceHttpRequestHandler]
2019-10-10 20:14:32.407  INFO 1501 --- [main] o.s.w.s.handler.SimpleUrlHandlerMapping  : Mapped URL path [/**] onto handler of type [class org.springframework.web.servlet.resource.ResourceHttpRequestHandler]
2019-10-10 20:14:32.422  INFO 1501 --- [main] .m.m.a.ExceptionHandlerExceptionResolver : Detected @ExceptionHandler methods in errorController
2019-10-10 20:14:32.436  INFO 1501 --- [main] o.s.w.s.handler.SimpleUrlHandlerMapping  : Mapped URL path [/**/favicon.ico] onto handler of type [class org.springframework.web.servlet.resource.ResourceHttpRequestHandler]
2019-10-10 20:14:32.873  INFO 1501 --- [main] ru.academits.PhonebookSpringApplication  : Started PhonebookSpringApplication in 3.196 seconds (JVM running for 4.743)
2019-10-10 20:35:02.910  INFO 1519 --- [main] ru.academits.PhonebookSpringApplication  : Starting PhonebookSpringApplication on MaxBook.local with PID 1519 (/Users/max/Downloads/AnnaUsova-phonebookspringwithlogs-407174679155/target/classes started by max in /Users/max/Downloads/AnnaUsova-phonebookspringwithlogs-407174679155)
2019-10-10 20:35:02.915 DEBUG 1519 --- [main] ru.academits.PhonebookSpringApplication  : Running with Spring Boot v1.5.3.RELEASE, Spring v4.3.8.RELEASE
2019-10-10 20:35:02.916  INFO 1519 --- [main] ru.academits.PhonebookSpringApplication  : No active profile set, falling back to default profiles: default
2019-10-10 20:35:04.867  INFO 1519 --- [localhost-startStop-1] o.s.web.context.ContextLoader            : Root WebApplicationContext: initialization completed in 1894 ms
2019-10-10 20:35:05.320  INFO 1519 --- [main] s.w.s.m.m.a.RequestMappingHandlerAdapter : Looking for @ControllerAdvice: org.springframework.boot.context.embedded.AnnotationConfigEmbeddedWebApplicationContext@481ba2cf: startup date [Thu Oct 10 20:35:02 NOVT 2019]; root of context hierarchy
2019-10-10 20:35:05.376  INFO 1519 --- [main] s.w.s.m.m.a.RequestMappingHandlerMapping : Mapped "{[/hello/api/v1/hello],methods=[GET]}" onto public java.lang.String ru.academits.hello.HelloWorldController.sayHello(java.lang.String)
2019-10-10 20:35:05.377  INFO 1519 --- [main] s.w.s.m.m.a.RequestMappingHandlerMapping : Mapped "{[/phoneBook/rpc/api/v1/getAllContacts],methods=[GET]}" onto public java.util.List<ru.academits.model.Contact> ru.academits.phonebook.PhoneBookController.getAllContacts()
2019-10-10 20:35:05.378  INFO 1519 --- [main] s.w.s.m.m.a.RequestMappingHandlerMapping : Mapped "{[/phoneBook/rpc/api/v1/addContact],methods=[POST]}" onto public ru.academits.model.ContactValidation ru.academits.phonebook.PhoneBookController.addContact(ru.academits.model.Contact)
2019-10-10 20:35:05.380  INFO 1519 --- [main] s.w.s.m.m.a.RequestMappingHandlerMapping : Mapped "{[/error],produces=[text/html]}" onto public org.springframework.web.servlet.ModelAndView org.springframework.boot.autoconfigure.web.BasicErrorController.errorHtml(javax.servlet.http.HttpServletRequest,javax.servlet.http.HttpServletResponse)
2019-10-10 20:35:05.381  INFO 1519 --- [main] s.w.s.m.m.a.RequestMappingHandlerMapping : Mapped "{[/error]}" onto public org.springframework.http.ResponseEntity<java.util.Map<java.lang.String, java.lang.Object>> org.springframework.boot.autoconfigure.web.BasicErrorController.error(javax.servlet.http.HttpServletRequest)
2019-10-10 20:35:05.404  INFO 1519 --- [main] o.s.w.s.handler.SimpleUrlHandlerMapping  : Mapped URL path [/webjars/**] onto handler of type [class org.springframework.web.servlet.resource.ResourceHttpRequestHandler]
2019-10-10 20:35:05.404  INFO 1519 --- [main] o.s.w.s.handler.SimpleUrlHandlerMapping  : Mapped URL path [/**] onto handler of type [class org.springframework.web.servlet.resource.ResourceHttpRequestHandler]
2019-10-10 20:35:05.422  INFO 1519 --- [main] .m.m.a.ExceptionHandlerExceptionResolver : Detected @ExceptionHandler methods in errorController
2019-10-10 20:35:05.440  INFO 1519 --- [main] o.s.w.s.handler.SimpleUrlHandlerMapping  : Mapped URL path [/**/favicon.ico] onto handler of type [class org.springframework.web.servlet.resource.ResourceHttpRequestHandler]
2019-10-10 20:35:05.892  INFO 1519 --- [main] ru.academits.PhonebookSpringApplication  : Started PhonebookSpringApplication in 3.384 seconds (JVM running for 4.862)
2019-10-10 20:35:52.060  INFO 1519 --- [http-nio-8080-exec-1] o.s.web.servlet.DispatcherServlet        : FrameworkServlet 'dispatcherServlet': initialization started
2019-10-10 20:35:52.100  INFO 1519 --- [http-nio-8080-exec-1] o.s.web.servlet.DispatcherServlet        : FrameworkServlet 'dispatcherServlet': initialization completed in 39 ms
2019-10-10 20:51:35.904  INFO 1534 --- [main] ru.academits.PhonebookSpringApplication  : Starting PhonebookSpringApplication on MaxBook.local with PID 1534 (/Users/max/Downloads/AnnaUsova-phonebookspringwithlogs-407174679155/target/classes started by max in /Users/max/Downloads/AnnaUsova-phonebookspringwithlogs-407174679155)
2019-10-10 20:51:35.907 DEBUG 1534 --- [main] ru.academits.PhonebookSpringApplication  : Running with Spring Boot v1.5.3.RELEASE, Spring v4.3.8.RELEASE
2019-10-10 20:51:35.907  INFO 1534 --- [main] ru.academits.PhonebookSpringApplication  : No active profile set, falling back to default profiles: default
2019-10-10 20:51:38.003  INFO 1534 --- [localhost-startStop-1] o.s.web.context.ContextLoader            : Root WebApplicationContext: initialization completed in 2039 ms
2019-10-10 20:51:38.461  INFO 1534 --- [main] s.w.s.m.m.a.RequestMappingHandlerAdapter : Looking for @ControllerAdvice: org.springframework.boot.context.embedded.AnnotationConfigEmbeddedWebApplicationContext@481ba2cf: startup date [Thu Oct 10 20:51:35 NOVT 2019]; root of context hierarchy
2019-10-10 20:51:38.513  INFO 1534 --- [main] s.w.s.m.m.a.RequestMappingHandlerMapping : Mapped "{[/hello/api/v1/hello],methods=[GET]}" onto public java.lang.String ru.academits.hello.HelloWorldController.sayHello(java.lang.String)
2019-10-10 20:51:38.515  INFO 1534 --- [main] s.w.s.m.m.a.RequestMappingHandlerMapping : Mapped "{[/phoneBook/rpc/api/v1/getAllContacts],methods=[GET]}" onto public java.util.List<ru.academits.model.Contact> ru.academits.phonebook.PhoneBookController.getAllContacts()
2019-10-10 20:51:38.516  INFO 1534 --- [main] s.w.s.m.m.a.RequestMappingHandlerMapping : Mapped "{[/phoneBook/rpc/api/v1/addContact],methods=[POST]}" onto public ru.academits.model.ContactValidation ru.academits.phonebook.PhoneBookController.addContact(ru.academits.model.Contact)
2019-10-10 20:51:38.518  INFO 1534 --- [main] s.w.s.m.m.a.RequestMappingHandlerMapping : Mapped "{[/error],produces=[text/html]}" onto public org.springframework.web.servlet.ModelAndView org.springframework.boot.autoconfigure.web.BasicErrorController.errorHtml(javax.servlet.http.HttpServletRequest,javax.servlet.http.HttpServletResponse)
2019-10-10 20:51:38.519  INFO 1534 --- [main] s.w.s.m.m.a.RequestMappingHandlerMapping : Mapped "{[/error]}" onto public org.springframework.http.ResponseEntity<java.util.Map<java.lang.String, java.lang.Object>> org.springframework.boot.autoconfigure.web.BasicErrorController.error(javax.servlet.http.HttpServletRequest)
2019-10-10 20:51:38.541  INFO 1534 --- [main] o.s.w.s.handler.SimpleUrlHandlerMapping  : Mapped URL path [/webjars/**] onto handler of type [class org.springframework.web.servlet.resource.ResourceHttpRequestHandler]
2019-10-10 20:51:38.541  INFO 1534 --- [main] o.s.w.s.handler.SimpleUrlHandlerMapping  : Mapped URL path [/**] onto handler of type [class org.springframework.web.servlet.resource.ResourceHttpRequestHandler]
2019-10-10 20:51:38.559  INFO 1534 --- [main] .m.m.a.ExceptionHandlerExceptionResolver : Detected @ExceptionHandler methods in errorController
2019-10-10 20:51:38.576  INFO 1534 --- [main] o.s.w.s.handler.SimpleUrlHandlerMapping  : Mapped URL path [/**/favicon.ico] onto handler of type [class org.springframework.web.servlet.resource.ResourceHttpRequestHandler]
2019-10-10 20:51:39.074  INFO 1534 --- [main] ru.academits.PhonebookSpringApplication  : Started PhonebookSpringApplication in 3.519 seconds (JVM running for 4.875)
2019-10-10 20:51:54.557  INFO 1534 --- [http-nio-8080-exec-1] o.s.web.servlet.DispatcherServlet        : FrameworkServlet 'dispatcherServlet': initialization started
2019-10-10 20:51:54.576  INFO 1534 --- [http-nio-8080-exec-1] o.s.web.servlet.DispatcherServlet        : FrameworkServlet 'dispatcherServlet': initialization completed in 18 ms
2019-10-10 20:51:54.845  INFO 1534 --- [http-nio-8080-exec-7] r.a.phonebook.PhoneBookController        : called method getAllContacts
2019-10-10 20:52:03.003  INFO 1534 --- [http-nio-8080-exec-9] r.a.phonebook.PhoneBookController        : called method getAllContacts
2019-10-11 00:32:01.101  INFO 3289 --- [main] ru.academits.PhonebookSpringApplication  : Starting PhonebookSpringApplication on MaxBook.local with PID 3289 (/Users/max/IdeaProjects/Academ-IT-School/05_BackEnd/Tasks/PhoneBookSpring/target/classes started by max in /Users/max/IdeaProjects/Academ-IT-School/05_BackEnd/Tasks/PhoneBookSpring)
2019-10-11 00:32:01.105 DEBUG 3289 --- [main] ru.academits.PhonebookSpringApplication  : Running with Spring Boot v1.5.3.RELEASE, Spring v4.3.8.RELEASE
2019-10-11 00:32:01.106  INFO 3289 --- [main] ru.academits.PhonebookSpringApplication  : No active profile set, falling back to default profiles: default
2019-10-11 00:32:03.946  INFO 3289 --- [localhost-startStop-1] o.s.web.context.ContextLoader            : Root WebApplicationContext: initialization completed in 2714 ms
2019-10-11 00:32:04.515  INFO 3289 --- [main] s.w.s.m.m.a.RequestMappingHandlerAdapter : Looking for @ControllerAdvice: org.springframework.boot.context.embedded.AnnotationConfigEmbeddedWebApplicationContext@2e48362c: startup date [Fri Oct 11 00:32:01 NOVT 2019]; root of context hierarchy
2019-10-11 00:32:04.578  INFO 3289 --- [main] s.w.s.m.m.a.RequestMappingHandlerMapping : Mapped "{[/hello/api/v1/hello],methods=[GET]}" onto public java.lang.String ru.academits.hello.HelloWorldController.sayHello(java.lang.String)
2019-10-11 00:32:04.582  INFO 3289 --- [main] s.w.s.m.m.a.RequestMappingHandlerMapping : Mapped "{[/phoneBook/rpc/api/v1/addContact],methods=[POST]}" onto public ru.academits.model.ContactValidation ru.academits.phonebook.PhoneBookController.addContact(ru.academits.model.Contact)
2019-10-11 00:32:04.582  INFO 3289 --- [main] s.w.s.m.m.a.RequestMappingHandlerMapping : Mapped "{[/phoneBook/rpc/api/v1/getAllContacts],methods=[GET]}" onto public java.util.List<ru.academits.model.Contact> ru.academits.phonebook.PhoneBookController.getAllContacts()
2019-10-11 00:32:04.586  INFO 3289 --- [main] s.w.s.m.m.a.RequestMappingHandlerMapping : Mapped "{[/error],produces=[text/html]}" onto public org.springframework.web.servlet.ModelAndView org.springframework.boot.autoconfigure.web.BasicErrorController.errorHtml(javax.servlet.http.HttpServletRequest,javax.servlet.http.HttpServletResponse)
2019-10-11 00:32:04.588  INFO 3289 --- [main] s.w.s.m.m.a.RequestMappingHandlerMapping : Mapped "{[/error]}" onto public org.springframework.http.ResponseEntity<java.util.Map<java.lang.String, java.lang.Object>> org.springframework.boot.autoconfigure.web.BasicErrorController.error(javax.servlet.http.HttpServletRequest)
2019-10-11 00:32:04.618  INFO 3289 --- [main] o.s.w.s.handler.SimpleUrlHandlerMapping  : Mapped URL path [/webjars/**] onto handler of type [class org.springframework.web.servlet.resource.ResourceHttpRequestHandler]
2019-10-11 00:32:04.619  INFO 3289 --- [main] o.s.w.s.handler.SimpleUrlHandlerMapping  : Mapped URL path [/**] onto handler of type [class org.springframework.web.servlet.resource.ResourceHttpRequestHandler]
2019-10-11 00:32:04.640  INFO 3289 --- [main] .m.m.a.ExceptionHandlerExceptionResolver : Detected @ExceptionHandler methods in errorController
2019-10-11 00:32:04.661  INFO 3289 --- [main] o.s.w.s.handler.SimpleUrlHandlerMapping  : Mapped URL path [/**/favicon.ico] onto handler of type [class org.springframework.web.servlet.resource.ResourceHttpRequestHandler]
2019-10-11 00:32:05.305  INFO 3289 --- [main] ru.academits.PhonebookSpringApplication  : Started PhonebookSpringApplication in 4.951 seconds (JVM running for 6.954)
2019-10-11 00:32:26.453  INFO 3289 --- [http-nio-8080-exec-1] o.s.web.servlet.DispatcherServlet        : FrameworkServlet 'dispatcherServlet': initialization started
2019-10-11 00:32:26.481  INFO 3289 --- [http-nio-8080-exec-1] o.s.web.servlet.DispatcherServlet        : FrameworkServlet 'dispatcherServlet': initialization completed in 27 ms
2019-10-11 00:34:01.275  INFO 3289 --- [http-nio-8080-exec-4] r.a.phonebook.PhoneBookController        : called method getAllContacts
